{"/Users/jorge/dev/reactUseForm/src/createFormControl.ts": {"path":"/Users/jorge/dev/reactUseForm/src/createFormControl.ts","statementMap":{"0":{"start":{"line":1,"column":16},"end":{"line":1,"column":37}},"1":{"start":{"line":2,"column":23},"end":{"line":2,"column":54}},"2":{"start":{"line":3,"column":24},"end":{"line":3,"column":50}},"3":{"start":{"line":4,"column":19},"end":{"line":4,"column":50}},"4":{"start":{"line":5,"column":15},"end":{"line":8,"column":1}},"5":{"start":{"line":6,"column":2},"end":{"line":7,"column":66}},"6":{"start":{"line":7,"column":4},"end":{"line":7,"column":66}},"7":{"start":{"line":9,"column":18},"end":{"line":16,"column":1}},"8":{"start":{"line":10,"column":2},"end":{"line":14,"column":3}},"9":{"start":{"line":11,"column":4},"end":{"line":13,"column":123}},"10":{"start":{"line":12,"column":6},"end":{"line":13,"column":123}},"11":{"start":{"line":13,"column":8},"end":{"line":13,"column":123}},"12":{"start":{"line":13,"column":40},"end":{"line":13,"column":49}},"13":{"start":{"line":15,"column":2},"end":{"line":15,"column":12}},"14":{"start":{"line":17,"column":19},"end":{"line":17,"column":90}},"15":{"start":{"line":17,"column":28},"end":{"line":17,"column":90}},"16":{"start":{"line":18,"column":20},"end":{"line":18,"column":22}},"17":{"start":{"line":19,"column":0},"end":{"line":24,"column":3}},"18":{"start":{"line":20,"column":25},"end":{"line":20,"column":40}},"19":{"start":{"line":21,"column":27},"end":{"line":21,"column":44}},"20":{"start":{"line":22,"column":23},"end":{"line":22,"column":36}},"21":{"start":{"line":23,"column":23},"end":{"line":23,"column":36}},"22":{"start":{"line":25,"column":0},"end":{"line":25,"column":45}},"23":{"start":{"line":26,"column":20},"end":{"line":28,"column":1}},"24":{"start":{"line":27,"column":2},"end":{"line":27,"column":20}},"25":{"start":{"line":29,"column":22},"end":{"line":29,"column":74}},"26":{"start":{"line":29,"column":33},"end":{"line":29,"column":74}},"27":{"start":{"line":30,"column":24},"end":{"line":34,"column":1}},"28":{"start":{"line":36,"column":18},"end":{"line":36,"column":20}},"29":{"start":{"line":37,"column":2},"end":{"line":47,"column":4}},"30":{"start":{"line":39,"column":6},"end":{"line":39,"column":60}},"31":{"start":{"line":39,"column":38},"end":{"line":39,"column":58}},"32":{"start":{"line":42,"column":6},"end":{"line":42,"column":31}},"33":{"start":{"line":43,"column":6},"end":{"line":45,"column":8}},"34":{"start":{"line":44,"column":8},"end":{"line":44,"column":82}},"35":{"start":{"line":44,"column":55},"end":{"line":44,"column":80}},"36":{"start":{"line":50,"column":19},"end":{"line":50,"column":63}},"37":{"start":{"line":51,"column":18},"end":{"line":51,"column":20}},"38":{"start":{"line":52,"column":25},"end":{"line":52,"column":96}},"39":{"start":{"line":53,"column":20},"end":{"line":53,"column":47}},"40":{"start":{"line":54,"column":21},"end":{"line":71,"column":3}},"41":{"start":{"line":72,"column":17},"end":{"line":74,"column":3}},"42":{"start":{"line":75,"column":40},"end":{"line":75,"column":49}},"43":{"start":{"line":76,"column":23},"end":{"line":76,"column":38}},"44":{"start":{"line":77,"column":24},"end":{"line":77,"column":39}},"45":{"start":{"line":78,"column":25},"end":{"line":102,"column":3}},"46":{"start":{"line":79,"column":4},"end":{"line":101,"column":5}},"47":{"start":{"line":80,"column":27},"end":{"line":80,"column":29}},"48":{"start":{"line":81,"column":6},"end":{"line":88,"column":7}},"49":{"start":{"line":82,"column":27},"end":{"line":82,"column":54}},"50":{"start":{"line":83,"column":8},"end":{"line":87,"column":9}},"51":{"start":{"line":84,"column":10},"end":{"line":84,"column":70}},"52":{"start":{"line":86,"column":10},"end":{"line":86,"column":39}},"53":{"start":{"line":89,"column":22},"end":{"line":89,"column":51}},"54":{"start":{"line":90,"column":6},"end":{"line":95,"column":7}},"55":{"start":{"line":91,"column":8},"end":{"line":91,"column":37}},"56":{"start":{"line":92,"column":8},"end":{"line":94,"column":9}},"57":{"start":{"line":93,"column":10},"end":{"line":93,"column":41}},"58":{"start":{"line":97,"column":6},"end":{"line":100,"column":7}},"59":{"start":{"line":98,"column":8},"end":{"line":98,"column":34}},"60":{"start":{"line":99,"column":8},"end":{"line":99,"column":57}},"61":{"start":{"line":103,"column":25},"end":{"line":108,"column":3}},"62":{"start":{"line":104,"column":4},"end":{"line":107,"column":5}},"63":{"start":{"line":105,"column":6},"end":{"line":105,"column":32}},"64":{"start":{"line":106,"column":6},"end":{"line":106,"column":43}},"65":{"start":{"line":109,"column":33},"end":{"line":115,"column":3}},"66":{"start":{"line":110,"column":4},"end":{"line":112,"column":5}},"67":{"start":{"line":111,"column":6},"end":{"line":111,"column":13}},"68":{"start":{"line":113,"column":4},"end":{"line":113,"column":41}},"69":{"start":{"line":114,"column":4},"end":{"line":114,"column":43}},"70":{"start":{"line":116,"column":23},"end":{"line":121,"column":3}},"71":{"start":{"line":117,"column":4},"end":{"line":120,"column":5}},"72":{"start":{"line":118,"column":6},"end":{"line":118,"column":64}},"73":{"start":{"line":119,"column":6},"end":{"line":119,"column":38}},"74":{"start":{"line":122,"column":19},"end":{"line":130,"column":3}},"75":{"start":{"line":123,"column":4},"end":{"line":125,"column":5}},"76":{"start":{"line":124,"column":6},"end":{"line":124,"column":13}},"77":{"start":{"line":126,"column":4},"end":{"line":126,"column":36}},"78":{"start":{"line":127,"column":4},"end":{"line":127,"column":31}},"79":{"start":{"line":128,"column":4},"end":{"line":128,"column":21}},"80":{"start":{"line":129,"column":4},"end":{"line":129,"column":84}},"81":{"start":{"line":131,"column":21},"end":{"line":137,"column":3}},"82":{"start":{"line":132,"column":4},"end":{"line":132,"column":31}},"83":{"start":{"line":133,"column":4},"end":{"line":136,"column":7}},"84":{"start":{"line":138,"column":20},"end":{"line":141,"column":3}},"85":{"start":{"line":139,"column":19},"end":{"line":139,"column":37}},"86":{"start":{"line":140,"column":4},"end":{"line":140,"column":18}},"87":{"start":{"line":142,"column":16},"end":{"line":153,"column":3}},"88":{"start":{"line":143,"column":4},"end":{"line":150,"column":5}},"89":{"start":{"line":144,"column":6},"end":{"line":144,"column":55}},"90":{"start":{"line":144,"column":30},"end":{"line":144,"column":53}},"91":{"start":{"line":145,"column":21},"end":{"line":145,"column":23}},"92":{"start":{"line":146,"column":6},"end":{"line":148,"column":7}},"93":{"start":{"line":147,"column":8},"end":{"line":147,"column":41}},"94":{"start":{"line":149,"column":6},"end":{"line":149,"column":20}},"95":{"start":{"line":151,"column":4},"end":{"line":151,"column":29}},"96":{"start":{"line":152,"column":4},"end":{"line":152,"column":30}},"97":{"start":{"line":154,"column":24},"end":{"line":168,"column":3}},"98":{"start":{"line":155,"column":4},"end":{"line":155,"column":30}},"99":{"start":{"line":156,"column":27},"end":{"line":156,"column":40}},"100":{"start":{"line":157,"column":4},"end":{"line":167,"column":5}},"101":{"start":{"line":158,"column":6},"end":{"line":166,"column":7}},"102":{"start":{"line":159,"column":8},"end":{"line":159,"column":36}},"103":{"start":{"line":160,"column":13},"end":{"line":166,"column":7}},"104":{"start":{"line":161,"column":8},"end":{"line":161,"column":55}},"105":{"start":{"line":162,"column":13},"end":{"line":166,"column":7}},"106":{"start":{"line":163,"column":8},"end":{"line":163,"column":34}},"107":{"start":{"line":165,"column":8},"end":{"line":165,"column":37}},"108":{"start":{"line":169,"column":19},"end":{"line":171,"column":3}},"109":{"start":{"line":170,"column":4},"end":{"line":170,"column":31}},"110":{"start":{"line":172,"column":19},"end":{"line":216,"column":3}},"111":{"start":{"line":174,"column":4},"end":{"line":180,"column":5}},"112":{"start":{"line":175,"column":6},"end":{"line":175,"column":26}},"113":{"start":{"line":176,"column":6},"end":{"line":179,"column":7}},"114":{"start":{"line":177,"column":8},"end":{"line":177,"column":34}},"115":{"start":{"line":178,"column":8},"end":{"line":178,"column":45}},"116":{"start":{"line":181,"column":4},"end":{"line":183,"column":5}},"117":{"start":{"line":182,"column":6},"end":{"line":182,"column":32}},"118":{"start":{"line":184,"column":19},"end":{"line":184,"column":31}},"119":{"start":{"line":185,"column":18},"end":{"line":185,"column":36}},"120":{"start":{"line":186,"column":17},"end":{"line":186,"column":28}},"121":{"start":{"line":187,"column":4},"end":{"line":193,"column":5}},"122":{"start":{"line":188,"column":6},"end":{"line":188,"column":42}},"123":{"start":{"line":189,"column":11},"end":{"line":193,"column":5}},"124":{"start":{"line":190,"column":6},"end":{"line":190,"column":40}},"125":{"start":{"line":192,"column":6},"end":{"line":192,"column":33}},"126":{"start":{"line":195,"column":4},"end":{"line":195,"column":33}},"127":{"start":{"line":196,"column":4},"end":{"line":201,"column":5}},"128":{"start":{"line":197,"column":6},"end":{"line":199,"column":7}},"129":{"start":{"line":198,"column":8},"end":{"line":198,"column":44}},"130":{"start":{"line":200,"column":6},"end":{"line":200,"column":13}},"131":{"start":{"line":202,"column":23},"end":{"line":202,"column":58}},"132":{"start":{"line":203,"column":4},"end":{"line":210,"column":5}},"133":{"start":{"line":204,"column":6},"end":{"line":204,"column":33}},"134":{"start":{"line":205,"column":6},"end":{"line":205,"column":27}},"135":{"start":{"line":207,"column":6},"end":{"line":209,"column":7}},"136":{"start":{"line":208,"column":8},"end":{"line":208,"column":44}},"137":{"start":{"line":211,"column":4},"end":{"line":214,"column":5}},"138":{"start":{"line":212,"column":6},"end":{"line":212,"column":24}},"139":{"start":{"line":213,"column":6},"end":{"line":213,"column":27}},"140":{"start":{"line":215,"column":4},"end":{"line":215,"column":25}},"141":{"start":{"line":217,"column":25},"end":{"line":226,"column":3}},"142":{"start":{"line":219,"column":17},"end":{"line":219,"column":22}},"143":{"start":{"line":220,"column":4},"end":{"line":224,"column":5}},"144":{"start":{"line":221,"column":20},"end":{"line":221,"column":37}},"145":{"start":{"line":222,"column":6},"end":{"line":222,"column":46}},"146":{"start":{"line":223,"column":6},"end":{"line":223,"column":20}},"147":{"start":{"line":225,"column":4},"end":{"line":225,"column":18}},"148":{"start":{"line":227,"column":19},"end":{"line":255,"column":3}},"149":{"start":{"line":229,"column":4},"end":{"line":254,"column":6}},"150":{"start":{"line":235,"column":8},"end":{"line":244,"column":9}},"151":{"start":{"line":236,"column":10},"end":{"line":236,"column":34}},"152":{"start":{"line":237,"column":10},"end":{"line":243,"column":11}},"153":{"start":{"line":238,"column":12},"end":{"line":238,"column":19}},"154":{"start":{"line":240,"column":12},"end":{"line":240,"column":69}},"155":{"start":{"line":241,"column":12},"end":{"line":241,"column":32}},"156":{"start":{"line":242,"column":12},"end":{"line":242,"column":33}},"157":{"start":{"line":256,"column":21},"end":{"line":269,"column":3}},"158":{"start":{"line":257,"column":36},"end":{"line":257,"column":54}},"159":{"start":{"line":258,"column":4},"end":{"line":258,"column":30}},"160":{"start":{"line":259,"column":4},"end":{"line":259,"column":25}},"161":{"start":{"line":260,"column":4},"end":{"line":260,"column":29}},"162":{"start":{"line":261,"column":4},"end":{"line":261,"column":40}},"163":{"start":{"line":262,"column":4},"end":{"line":262,"column":42}},"164":{"start":{"line":263,"column":4},"end":{"line":263,"column":35}},"165":{"start":{"line":264,"column":4},"end":{"line":266,"column":5}},"166":{"start":{"line":265,"column":6},"end":{"line":265,"column":13}},"167":{"start":{"line":267,"column":35},"end":{"line":267,"column":100}},"168":{"start":{"line":268,"column":4},"end":{"line":268,"column":86}},"169":{"start":{"line":270,"column":19},"end":{"line":275,"column":3}},"170":{"start":{"line":271,"column":21},"end":{"line":271,"column":34}},"171":{"start":{"line":272,"column":4},"end":{"line":274,"column":5}},"172":{"start":{"line":273,"column":6},"end":{"line":273,"column":23}},"173":{"start":{"line":276,"column":22},"end":{"line":287,"column":3}},"174":{"start":{"line":277,"column":4},"end":{"line":279,"column":5}},"175":{"start":{"line":278,"column":6},"end":{"line":278,"column":29}},"176":{"start":{"line":280,"column":4},"end":{"line":282,"column":5}},"177":{"start":{"line":281,"column":6},"end":{"line":281,"column":37}},"178":{"start":{"line":283,"column":4},"end":{"line":285,"column":5}},"179":{"start":{"line":284,"column":6},"end":{"line":284,"column":69}},"180":{"start":{"line":284,"column":33},"end":{"line":284,"column":67}},"181":{"start":{"line":286,"column":4},"end":{"line":286,"column":53}},"182":{"start":{"line":288,"column":21},"end":{"line":317,"column":3}},"183":{"start":{"line":290,"column":16},"end":{"line":290,"column":58}},"184":{"start":{"line":291,"column":4},"end":{"line":300,"column":5}},"185":{"start":{"line":292,"column":6},"end":{"line":292,"column":48}},"186":{"start":{"line":294,"column":25},"end":{"line":294,"column":45}},"187":{"start":{"line":295,"column":6},"end":{"line":299,"column":7}},"188":{"start":{"line":296,"column":8},"end":{"line":296,"column":36}},"189":{"start":{"line":298,"column":8},"end":{"line":298,"column":40}},"190":{"start":{"line":301,"column":4},"end":{"line":305,"column":5}},"191":{"start":{"line":302,"column":6},"end":{"line":302,"column":21}},"192":{"start":{"line":304,"column":6},"end":{"line":304,"column":42}},"193":{"start":{"line":306,"column":4},"end":{"line":310,"column":5}},"194":{"start":{"line":307,"column":6},"end":{"line":307,"column":37}},"195":{"start":{"line":308,"column":6},"end":{"line":308,"column":33}},"196":{"start":{"line":309,"column":6},"end":{"line":309,"column":71}},"197":{"start":{"line":311,"column":4},"end":{"line":314,"column":5}},"198":{"start":{"line":312,"column":6},"end":{"line":312,"column":33}},"199":{"start":{"line":313,"column":6},"end":{"line":313,"column":44}},"200":{"start":{"line":315,"column":4},"end":{"line":315,"column":40}},"201":{"start":{"line":316,"column":4},"end":{"line":316,"column":42}},"202":{"start":{"line":318,"column":24},"end":{"line":327,"column":3}},"203":{"start":{"line":320,"column":4},"end":{"line":326,"column":6}},"204":{"start":{"line":328,"column":17},"end":{"line":355,"column":3}},"205":{"start":{"line":329,"column":26},"end":{"line":329,"column":92}},"206":{"start":{"line":330,"column":4},"end":{"line":330,"column":39}},"207":{"start":{"line":331,"column":4},"end":{"line":345,"column":5}},"208":{"start":{"line":332,"column":30},"end":{"line":332,"column":39}},"209":{"start":{"line":333,"column":18},"end":{"line":333,"column":65}},"210":{"start":{"line":334,"column":6},"end":{"line":344,"column":7}},"211":{"start":{"line":335,"column":27},"end":{"line":335,"column":55}},"212":{"start":{"line":336,"column":8},"end":{"line":340,"column":9}},"213":{"start":{"line":337,"column":10},"end":{"line":337,"column":43}},"214":{"start":{"line":339,"column":10},"end":{"line":339,"column":47}},"215":{"start":{"line":341,"column":8},"end":{"line":343,"column":9}},"216":{"start":{"line":342,"column":10},"end":{"line":342,"column":25}},"217":{"start":{"line":346,"column":4},"end":{"line":346,"column":32}},"218":{"start":{"line":347,"column":4},"end":{"line":347,"column":27}},"219":{"start":{"line":348,"column":4},"end":{"line":348,"column":35}},"220":{"start":{"line":349,"column":4},"end":{"line":349,"column":42}},"221":{"start":{"line":350,"column":4},"end":{"line":350,"column":31}},"222":{"start":{"line":351,"column":4},"end":{"line":351,"column":55}},"223":{"start":{"line":352,"column":4},"end":{"line":352,"column":31}},"224":{"start":{"line":353,"column":4},"end":{"line":353,"column":34}},"225":{"start":{"line":354,"column":4},"end":{"line":354,"column":82}},"226":{"start":{"line":356,"column":18},"end":{"line":393,"column":3}},"227":{"start":{"line":357,"column":4},"end":{"line":359,"column":5}},"228":{"start":{"line":358,"column":6},"end":{"line":358,"column":13}},"229":{"start":{"line":360,"column":4},"end":{"line":365,"column":5}},"230":{"start":{"line":361,"column":25},"end":{"line":361,"column":51}},"231":{"start":{"line":362,"column":6},"end":{"line":364,"column":7}},"232":{"start":{"line":363,"column":8},"end":{"line":363,"column":35}},"233":{"start":{"line":366,"column":4},"end":{"line":378,"column":5}},"234":{"start":{"line":367,"column":27},"end":{"line":367,"column":32}},"235":{"start":{"line":368,"column":6},"end":{"line":374,"column":7}},"236":{"start":{"line":369,"column":27},"end":{"line":369,"column":54}},"237":{"start":{"line":370,"column":8},"end":{"line":373,"column":9}},"238":{"start":{"line":371,"column":10},"end":{"line":371,"column":48}},"239":{"start":{"line":372,"column":10},"end":{"line":372,"column":32}},"240":{"start":{"line":375,"column":6},"end":{"line":377,"column":7}},"241":{"start":{"line":376,"column":8},"end":{"line":376,"column":57}},"242":{"start":{"line":379,"column":4},"end":{"line":392,"column":5}},"243":{"start":{"line":380,"column":26},"end":{"line":380,"column":31}},"244":{"start":{"line":381,"column":33},"end":{"line":381,"column":57}},"245":{"start":{"line":382,"column":6},"end":{"line":388,"column":7}},"246":{"start":{"line":383,"column":27},"end":{"line":383,"column":54}},"247":{"start":{"line":384,"column":8},"end":{"line":387,"column":9}},"248":{"start":{"line":385,"column":10},"end":{"line":385,"column":48}},"249":{"start":{"line":386,"column":10},"end":{"line":386,"column":31}},"250":{"start":{"line":389,"column":6},"end":{"line":391,"column":7}},"251":{"start":{"line":390,"column":8},"end":{"line":390,"column":57}},"252":{"start":{"line":394,"column":23},"end":{"line":456,"column":3}},"253":{"start":{"line":394,"column":37},"end":{"line":456,"column":3}},"254":{"start":{"line":395,"column":23},"end":{"line":395,"column":29}},"255":{"start":{"line":396,"column":4},"end":{"line":399,"column":5}},"256":{"start":{"line":397,"column":6},"end":{"line":397,"column":29}},"257":{"start":{"line":398,"column":6},"end":{"line":398,"column":22}},"258":{"start":{"line":400,"column":4},"end":{"line":400,"column":35}},"259":{"start":{"line":401,"column":4},"end":{"line":403,"column":7}},"260":{"start":{"line":404,"column":24},"end":{"line":404,"column":48}},"261":{"start":{"line":405,"column":4},"end":{"line":418,"column":5}},"262":{"start":{"line":406,"column":6},"end":{"line":417,"column":7}},"263":{"start":{"line":407,"column":29},"end":{"line":407,"column":31}},"264":{"start":{"line":408,"column":8},"end":{"line":415,"column":9}},"265":{"start":{"line":409,"column":29},"end":{"line":409,"column":56}},"266":{"start":{"line":410,"column":10},"end":{"line":414,"column":11}},"267":{"start":{"line":411,"column":12},"end":{"line":411,"column":72}},"268":{"start":{"line":413,"column":12},"end":{"line":413,"column":41}},"269":{"start":{"line":416,"column":8},"end":{"line":416,"column":43}},"270":{"start":{"line":419,"column":4},"end":{"line":434,"column":5}},"271":{"start":{"line":420,"column":6},"end":{"line":420,"column":36}},"272":{"start":{"line":421,"column":6},"end":{"line":421,"column":38}},"273":{"start":{"line":422,"column":6},"end":{"line":422,"column":44}},"274":{"start":{"line":423,"column":6},"end":{"line":423,"column":58}},"275":{"start":{"line":424,"column":6},"end":{"line":424,"column":32}},"276":{"start":{"line":425,"column":6},"end":{"line":432,"column":9}},"277":{"start":{"line":433,"column":6},"end":{"line":433,"column":13}},"278":{"start":{"line":435,"column":4},"end":{"line":435,"column":34}},"279":{"start":{"line":436,"column":4},"end":{"line":436,"column":36}},"280":{"start":{"line":437,"column":4},"end":{"line":437,"column":41}},"281":{"start":{"line":438,"column":4},"end":{"line":438,"column":56}},"282":{"start":{"line":439,"column":4},"end":{"line":439,"column":30}},"283":{"start":{"line":440,"column":4},"end":{"line":447,"column":7}},"284":{"start":{"line":448,"column":4},"end":{"line":452,"column":5}},"285":{"start":{"line":449,"column":6},"end":{"line":449,"column":41}},"286":{"start":{"line":451,"column":6},"end":{"line":451,"column":27}},"287":{"start":{"line":453,"column":4},"end":{"line":455,"column":5}},"288":{"start":{"line":454,"column":6},"end":{"line":454,"column":25}},"289":{"start":{"line":457,"column":2},"end":{"line":490,"column":4}}},"fnMap":{"0":{"name":"(anonymous_0)","decl":{"start":{"line":5,"column":15},"end":{"line":5,"column":16}},"loc":{"start":{"line":5,"column":32},"end":{"line":8,"column":1}},"line":5},"1":{"name":"(anonymous_1)","decl":{"start":{"line":9,"column":18},"end":{"line":9,"column":19}},"loc":{"start":{"line":9,"column":46},"end":{"line":16,"column":1}},"line":9},"2":{"name":"(anonymous_2)","decl":{"start":{"line":13,"column":34},"end":{"line":13,"column":35}},"loc":{"start":{"line":13,"column":40},"end":{"line":13,"column":49}},"line":13},"3":{"name":"(anonymous_3)","decl":{"start":{"line":17,"column":19},"end":{"line":17,"column":20}},"loc":{"start":{"line":17,"column":28},"end":{"line":17,"column":90}},"line":17},"4":{"name":"(anonymous_4)","decl":{"start":{"line":20,"column":19},"end":{"line":20,"column":20}},"loc":{"start":{"line":20,"column":25},"end":{"line":20,"column":40}},"line":20},"5":{"name":"(anonymous_5)","decl":{"start":{"line":21,"column":21},"end":{"line":21,"column":22}},"loc":{"start":{"line":21,"column":27},"end":{"line":21,"column":44}},"line":21},"6":{"name":"(anonymous_6)","decl":{"start":{"line":22,"column":17},"end":{"line":22,"column":18}},"loc":{"start":{"line":22,"column":23},"end":{"line":22,"column":36}},"line":22},"7":{"name":"(anonymous_7)","decl":{"start":{"line":23,"column":17},"end":{"line":23,"column":18}},"loc":{"start":{"line":23,"column":23},"end":{"line":23,"column":36}},"line":23},"8":{"name":"(anonymous_8)","decl":{"start":{"line":26,"column":20},"end":{"line":26,"column":21}},"loc":{"start":{"line":26,"column":29},"end":{"line":28,"column":1}},"line":26},"9":{"name":"(anonymous_9)","decl":{"start":{"line":29,"column":22},"end":{"line":29,"column":23}},"loc":{"start":{"line":29,"column":33},"end":{"line":29,"column":74}},"line":29},"10":{"name":"createSubject","decl":{"start":{"line":35,"column":9},"end":{"line":35,"column":22}},"loc":{"start":{"line":35,"column":25},"end":{"line":48,"column":1}},"line":35},"11":{"name":"(anonymous_11)","decl":{"start":{"line":38,"column":4},"end":{"line":38,"column":5}},"loc":{"start":{"line":38,"column":16},"end":{"line":40,"column":5}},"line":38},"12":{"name":"(anonymous_12)","decl":{"start":{"line":39,"column":24},"end":{"line":39,"column":25}},"loc":{"start":{"line":39,"column":38},"end":{"line":39,"column":58}},"line":39},"13":{"name":"(anonymous_13)","decl":{"start":{"line":41,"column":4},"end":{"line":41,"column":5}},"loc":{"start":{"line":41,"column":24},"end":{"line":46,"column":5}},"line":41},"14":{"name":"(anonymous_14)","decl":{"start":{"line":43,"column":13},"end":{"line":43,"column":14}},"loc":{"start":{"line":43,"column":19},"end":{"line":45,"column":7}},"line":43},"15":{"name":"(anonymous_15)","decl":{"start":{"line":44,"column":37},"end":{"line":44,"column":38}},"loc":{"start":{"line":44,"column":55},"end":{"line":44,"column":80}},"line":44},"16":{"name":"createFormControl","decl":{"start":{"line":49,"column":9},"end":{"line":49,"column":26}},"loc":{"start":{"line":49,"column":39},"end":{"line":491,"column":1}},"line":49},"17":{"name":"(anonymous_17)","decl":{"start":{"line":78,"column":25},"end":{"line":78,"column":26}},"loc":{"start":{"line":78,"column":48},"end":{"line":102,"column":3}},"line":78},"18":{"name":"(anonymous_18)","decl":{"start":{"line":103,"column":25},"end":{"line":103,"column":26}},"loc":{"start":{"line":103,"column":31},"end":{"line":108,"column":3}},"line":103},"19":{"name":"(anonymous_19)","decl":{"start":{"line":109,"column":33},"end":{"line":109,"column":34}},"loc":{"start":{"line":109,"column":44},"end":{"line":115,"column":3}},"line":109},"20":{"name":"(anonymous_20)","decl":{"start":{"line":116,"column":23},"end":{"line":116,"column":24}},"loc":{"start":{"line":116,"column":37},"end":{"line":121,"column":3}},"line":116},"21":{"name":"(anonymous_21)","decl":{"start":{"line":122,"column":19},"end":{"line":122,"column":20}},"loc":{"start":{"line":122,"column":36},"end":{"line":130,"column":3}},"line":122},"22":{"name":"(anonymous_22)","decl":{"start":{"line":131,"column":21},"end":{"line":131,"column":22}},"loc":{"start":{"line":131,"column":33},"end":{"line":137,"column":3}},"line":131},"23":{"name":"(anonymous_23)","decl":{"start":{"line":138,"column":20},"end":{"line":138,"column":21}},"loc":{"start":{"line":138,"column":26},"end":{"line":141,"column":3}},"line":138},"24":{"name":"(anonymous_24)","decl":{"start":{"line":142,"column":16},"end":{"line":142,"column":17}},"loc":{"start":{"line":142,"column":27},"end":{"line":153,"column":3}},"line":142},"25":{"name":"(anonymous_25)","decl":{"start":{"line":144,"column":20},"end":{"line":144,"column":21}},"loc":{"start":{"line":144,"column":30},"end":{"line":144,"column":53}},"line":144},"26":{"name":"(anonymous_26)","decl":{"start":{"line":154,"column":24},"end":{"line":154,"column":25}},"loc":{"start":{"line":154,"column":41},"end":{"line":168,"column":3}},"line":154},"27":{"name":"(anonymous_27)","decl":{"start":{"line":169,"column":19},"end":{"line":169,"column":20}},"loc":{"start":{"line":169,"column":36},"end":{"line":171,"column":3}},"line":169},"28":{"name":"(anonymous_28)","decl":{"start":{"line":172,"column":19},"end":{"line":172,"column":20}},"loc":{"start":{"line":172,"column":36},"end":{"line":216,"column":3}},"line":172},"29":{"name":"(anonymous_29)","decl":{"start":{"line":217,"column":25},"end":{"line":217,"column":26}},"loc":{"start":{"line":217,"column":41},"end":{"line":226,"column":3}},"line":217},"30":{"name":"(anonymous_30)","decl":{"start":{"line":227,"column":19},"end":{"line":227,"column":20}},"loc":{"start":{"line":227,"column":38},"end":{"line":255,"column":3}},"line":227},"31":{"name":"(anonymous_31)","decl":{"start":{"line":233,"column":11},"end":{"line":233,"column":12}},"loc":{"start":{"line":233,"column":20},"end":{"line":245,"column":7}},"line":233},"32":{"name":"(anonymous_32)","decl":{"start":{"line":256,"column":21},"end":{"line":256,"column":22}},"loc":{"start":{"line":256,"column":31},"end":{"line":269,"column":3}},"line":256},"33":{"name":"(anonymous_33)","decl":{"start":{"line":270,"column":19},"end":{"line":270,"column":20}},"loc":{"start":{"line":270,"column":29},"end":{"line":275,"column":3}},"line":270},"34":{"name":"(anonymous_34)","decl":{"start":{"line":276,"column":22},"end":{"line":276,"column":23}},"loc":{"start":{"line":276,"column":32},"end":{"line":287,"column":3}},"line":276},"35":{"name":"(anonymous_35)","decl":{"start":{"line":284,"column":19},"end":{"line":284,"column":20}},"loc":{"start":{"line":284,"column":33},"end":{"line":284,"column":67}},"line":284},"36":{"name":"(anonymous_36)","decl":{"start":{"line":288,"column":21},"end":{"line":288,"column":22}},"loc":{"start":{"line":288,"column":45},"end":{"line":317,"column":3}},"line":288},"37":{"name":"(anonymous_37)","decl":{"start":{"line":318,"column":24},"end":{"line":318,"column":25}},"loc":{"start":{"line":318,"column":34},"end":{"line":327,"column":3}},"line":318},"38":{"name":"(anonymous_38)","decl":{"start":{"line":328,"column":17},"end":{"line":328,"column":18}},"loc":{"start":{"line":328,"column":33},"end":{"line":355,"column":3}},"line":328},"39":{"name":"(anonymous_39)","decl":{"start":{"line":356,"column":18},"end":{"line":356,"column":19}},"loc":{"start":{"line":356,"column":34},"end":{"line":393,"column":3}},"line":356},"40":{"name":"(anonymous_40)","decl":{"start":{"line":394,"column":23},"end":{"line":394,"column":24}},"loc":{"start":{"line":394,"column":37},"end":{"line":456,"column":3}},"line":394},"41":{"name":"(anonymous_41)","decl":{"start":{"line":394,"column":37},"end":{"line":394,"column":38}},"loc":{"start":{"line":394,"column":54},"end":{"line":456,"column":3}},"line":394}},"branchMap":{"0":{"loc":{"start":{"line":10,"column":2},"end":{"line":14,"column":3}},"type":"if","locations":[{"start":{"line":10,"column":2},"end":{"line":14,"column":3}},{"start":{},"end":{}}],"line":10},"1":{"loc":{"start":{"line":10,"column":6},"end":{"line":10,"column":68}},"type":"binary-expr","locations":[{"start":{"line":10,"column":6},"end":{"line":10,"column":10}},{"start":{"line":10,"column":14},"end":{"line":10,"column":38}},{"start":{"line":10,"column":42},"end":{"line":10,"column":68}}],"line":10},"2":{"loc":{"start":{"line":12,"column":6},"end":{"line":13,"column":123}},"type":"if","locations":[{"start":{"line":12,"column":6},"end":{"line":13,"column":123}},{"start":{},"end":{}}],"line":12},"3":{"loc":{"start":{"line":12,"column":10},"end":{"line":12,"column":55}},"type":"binary-expr","locations":[{"start":{"line":12,"column":10},"end":{"line":12,"column":37}},{"start":{"line":12,"column":41},"end":{"line":12,"column":55}}],"line":12},"4":{"loc":{"start":{"line":13,"column":63},"end":{"line":13,"column":119}},"type":"binary-expr","locations":[{"start":{"line":13,"column":63},"end":{"line":13,"column":100}},{"start":{"line":13,"column":104},"end":{"line":13,"column":119}}],"line":13},"5":{"loc":{"start":{"line":29,"column":33},"end":{"line":29,"column":74}},"type":"cond-expr","locations":[{"start":{"line":29,"column":41},"end":{"line":29,"column":67}},{"start":{"line":29,"column":70},"end":{"line":29,"column":74}}],"line":29},"6":{"loc":{"start":{"line":49,"column":27},"end":{"line":49,"column":37}},"type":"default-arg","locations":[{"start":{"line":49,"column":35},"end":{"line":49,"column":37}}],"line":49},"7":{"loc":{"start":{"line":52,"column":25},"end":{"line":52,"column":96}},"type":"cond-expr","locations":[{"start":{"line":52,"column":50},"end":{"line":52,"column":91}},{"start":{"line":52,"column":94},"end":{"line":52,"column":96}}],"line":52},"8":{"loc":{"start":{"line":52,"column":50},"end":{"line":52,"column":91}},"type":"binary-expr","locations":[{"start":{"line":52,"column":50},"end":{"line":52,"column":85}},{"start":{"line":52,"column":89},"end":{"line":52,"column":91}}],"line":52},"9":{"loc":{"start":{"line":56,"column":12},"end":{"line":56,"column":33}},"type":"binary-expr","locations":[{"start":{"line":56,"column":12},"end":{"line":56,"column":27}},{"start":{"line":56,"column":31},"end":{"line":56,"column":33}}],"line":56},"10":{"loc":{"start":{"line":63,"column":13},"end":{"line":63,"column":83}},"type":"cond-expr","locations":[{"start":{"line":63,"column":71},"end":{"line":63,"column":75}},{"start":{"line":63,"column":78},"end":{"line":63,"column":83}}],"line":63},"11":{"loc":{"start":{"line":63,"column":13},"end":{"line":63,"column":68}},"type":"binary-expr","locations":[{"start":{"line":63,"column":13},"end":{"line":63,"column":28}},{"start":{"line":63,"column":32},"end":{"line":63,"column":45}},{"start":{"line":63,"column":49},"end":{"line":63,"column":68}}],"line":63},"12":{"loc":{"start":{"line":70,"column":14},"end":{"line":70,"column":40}},"type":"binary-expr","locations":[{"start":{"line":70,"column":14},"end":{"line":70,"column":31}},{"start":{"line":70,"column":35},"end":{"line":70,"column":40}}],"line":70},"13":{"loc":{"start":{"line":79,"column":4},"end":{"line":101,"column":5}},"type":"if","locations":[{"start":{"line":79,"column":4},"end":{"line":101,"column":5}},{"start":{"line":96,"column":11},"end":{"line":101,"column":5}}],"line":79},"14":{"loc":{"start":{"line":83,"column":8},"end":{"line":87,"column":9}},"type":"if","locations":[{"start":{"line":83,"column":8},"end":{"line":87,"column":9}},{"start":{"line":85,"column":15},"end":{"line":87,"column":9}}],"line":83},"15":{"loc":{"start":{"line":90,"column":6},"end":{"line":95,"column":7}},"type":"if","locations":[{"start":{"line":90,"column":6},"end":{"line":95,"column":7}},{"start":{},"end":{}}],"line":90},"16":{"loc":{"start":{"line":92,"column":8},"end":{"line":94,"column":9}},"type":"if","locations":[{"start":{"line":92,"column":8},"end":{"line":94,"column":9}},{"start":{},"end":{}}],"line":92},"17":{"loc":{"start":{"line":97,"column":6},"end":{"line":100,"column":7}},"type":"if","locations":[{"start":{"line":97,"column":6},"end":{"line":100,"column":7}},{"start":{},"end":{}}],"line":97},"18":{"loc":{"start":{"line":104,"column":4},"end":{"line":107,"column":5}},"type":"if","locations":[{"start":{"line":104,"column":4},"end":{"line":107,"column":5}},{"start":{},"end":{}}],"line":104},"19":{"loc":{"start":{"line":110,"column":4},"end":{"line":112,"column":5}},"type":"if","locations":[{"start":{"line":110,"column":4},"end":{"line":112,"column":5}},{"start":{},"end":{}}],"line":110},"20":{"loc":{"start":{"line":110,"column":8},"end":{"line":110,"column":72}},"type":"binary-expr","locations":[{"start":{"line":110,"column":8},"end":{"line":110,"column":39}},{"start":{"line":110,"column":43},"end":{"line":110,"column":72}}],"line":110},"21":{"loc":{"start":{"line":117,"column":4},"end":{"line":120,"column":5}},"type":"if","locations":[{"start":{"line":117,"column":4},"end":{"line":120,"column":5}},{"start":{},"end":{}}],"line":117},"22":{"loc":{"start":{"line":118,"column":28},"end":{"line":118,"column":63}},"type":"cond-expr","locations":[{"start":{"line":118,"column":47},"end":{"line":118,"column":55}},{"start":{"line":118,"column":58},"end":{"line":118,"column":63}}],"line":118},"23":{"loc":{"start":{"line":123,"column":4},"end":{"line":125,"column":5}},"type":"if","locations":[{"start":{"line":123,"column":4},"end":{"line":125,"column":5}},{"start":{},"end":{}}],"line":123},"24":{"loc":{"start":{"line":143,"column":4},"end":{"line":150,"column":5}},"type":"if","locations":[{"start":{"line":143,"column":4},"end":{"line":150,"column":5}},{"start":{},"end":{}}],"line":143},"25":{"loc":{"start":{"line":157,"column":4},"end":{"line":167,"column":5}},"type":"if","locations":[{"start":{"line":157,"column":4},"end":{"line":167,"column":5}},{"start":{},"end":{}}],"line":157},"26":{"loc":{"start":{"line":158,"column":6},"end":{"line":166,"column":7}},"type":"if","locations":[{"start":{"line":158,"column":6},"end":{"line":166,"column":7}},{"start":{"line":160,"column":13},"end":{"line":166,"column":7}}],"line":158},"27":{"loc":{"start":{"line":158,"column":10},"end":{"line":158,"column":44}},"type":"binary-expr","locations":[{"start":{"line":158,"column":10},"end":{"line":158,"column":24}},{"start":{"line":158,"column":28},"end":{"line":158,"column":44}}],"line":158},"28":{"loc":{"start":{"line":160,"column":13},"end":{"line":166,"column":7}},"type":"if","locations":[{"start":{"line":160,"column":13},"end":{"line":166,"column":7}},{"start":{"line":162,"column":13},"end":{"line":166,"column":7}}],"line":160},"29":{"loc":{"start":{"line":161,"column":33},"end":{"line":161,"column":54}},"type":"cond-expr","locations":[{"start":{"line":161,"column":41},"end":{"line":161,"column":46}},{"start":{"line":161,"column":49},"end":{"line":161,"column":54}}],"line":161},"30":{"loc":{"start":{"line":162,"column":13},"end":{"line":166,"column":7}},"type":"if","locations":[{"start":{"line":162,"column":13},"end":{"line":166,"column":7}},{"start":{"line":164,"column":13},"end":{"line":166,"column":7}}],"line":162},"31":{"loc":{"start":{"line":174,"column":4},"end":{"line":180,"column":5}},"type":"if","locations":[{"start":{"line":174,"column":4},"end":{"line":180,"column":5}},{"start":{},"end":{}}],"line":174},"32":{"loc":{"start":{"line":176,"column":6},"end":{"line":179,"column":7}},"type":"if","locations":[{"start":{"line":176,"column":6},"end":{"line":179,"column":7}},{"start":{},"end":{}}],"line":176},"33":{"loc":{"start":{"line":181,"column":4},"end":{"line":183,"column":5}},"type":"if","locations":[{"start":{"line":181,"column":4},"end":{"line":183,"column":5}},{"start":{},"end":{}}],"line":181},"34":{"loc":{"start":{"line":187,"column":4},"end":{"line":193,"column":5}},"type":"if","locations":[{"start":{"line":187,"column":4},"end":{"line":193,"column":5}},{"start":{"line":189,"column":11},"end":{"line":193,"column":5}}],"line":187},"35":{"loc":{"start":{"line":189,"column":11},"end":{"line":193,"column":5}},"type":"if","locations":[{"start":{"line":189,"column":11},"end":{"line":193,"column":5}},{"start":{"line":191,"column":11},"end":{"line":193,"column":5}}],"line":189},"36":{"loc":{"start":{"line":196,"column":4},"end":{"line":201,"column":5}},"type":"if","locations":[{"start":{"line":196,"column":4},"end":{"line":201,"column":5}},{"start":{},"end":{}}],"line":196},"37":{"loc":{"start":{"line":196,"column":8},"end":{"line":196,"column":109}},"type":"binary-expr","locations":[{"start":{"line":196,"column":8},"end":{"line":196,"column":50}},{"start":{"line":196,"column":54},"end":{"line":196,"column":109}}],"line":196},"38":{"loc":{"start":{"line":196,"column":56},"end":{"line":196,"column":108}},"type":"cond-expr","locations":[{"start":{"line":196,"column":91},"end":{"line":196,"column":97}},{"start":{"line":196,"column":100},"end":{"line":196,"column":108}}],"line":196},"39":{"loc":{"start":{"line":197,"column":6},"end":{"line":199,"column":7}},"type":"if","locations":[{"start":{"line":197,"column":6},"end":{"line":199,"column":7}},{"start":{},"end":{}}],"line":197},"40":{"loc":{"start":{"line":202,"column":23},"end":{"line":202,"column":58}},"type":"binary-expr","locations":[{"start":{"line":202,"column":23},"end":{"line":202,"column":49}},{"start":{"line":202,"column":53},"end":{"line":202,"column":58}}],"line":202},"41":{"loc":{"start":{"line":203,"column":4},"end":{"line":210,"column":5}},"type":"if","locations":[{"start":{"line":203,"column":4},"end":{"line":210,"column":5}},{"start":{"line":206,"column":11},"end":{"line":210,"column":5}}],"line":203},"42":{"loc":{"start":{"line":207,"column":6},"end":{"line":209,"column":7}},"type":"if","locations":[{"start":{"line":207,"column":6},"end":{"line":209,"column":7}},{"start":{},"end":{}}],"line":207},"43":{"loc":{"start":{"line":211,"column":4},"end":{"line":214,"column":5}},"type":"if","locations":[{"start":{"line":211,"column":4},"end":{"line":214,"column":5}},{"start":{},"end":{}}],"line":211},"44":{"loc":{"start":{"line":211,"column":8},"end":{"line":211,"column":46}},"type":"binary-expr","locations":[{"start":{"line":211,"column":8},"end":{"line":211,"column":31}},{"start":{"line":211,"column":35},"end":{"line":211,"column":46}}],"line":211},"45":{"loc":{"start":{"line":220,"column":4},"end":{"line":224,"column":5}},"type":"if","locations":[{"start":{"line":220,"column":4},"end":{"line":224,"column":5}},{"start":{},"end":{}}],"line":220},"46":{"loc":{"start":{"line":220,"column":8},"end":{"line":220,"column":60}},"type":"cond-expr","locations":[{"start":{"line":220,"column":43},"end":{"line":220,"column":49}},{"start":{"line":220,"column":52},"end":{"line":220,"column":60}}],"line":220},"47":{"loc":{"start":{"line":235,"column":8},"end":{"line":244,"column":9}},"type":"if","locations":[{"start":{"line":235,"column":8},"end":{"line":244,"column":9}},{"start":{},"end":{}}],"line":235},"48":{"loc":{"start":{"line":237,"column":10},"end":{"line":243,"column":11}},"type":"if","locations":[{"start":{"line":237,"column":10},"end":{"line":243,"column":11}},{"start":{"line":239,"column":17},"end":{"line":243,"column":11}}],"line":237},"49":{"loc":{"start":{"line":240,"column":24},"end":{"line":240,"column":68}},"type":"cond-expr","locations":[{"start":{"line":240,"column":60},"end":{"line":240,"column":63}},{"start":{"line":240,"column":66},"end":{"line":240,"column":68}}],"line":240},"50":{"loc":{"start":{"line":247,"column":16},"end":{"line":247,"column":59}},"type":"cond-expr","locations":[{"start":{"line":247,"column":34},"end":{"line":247,"column":40}},{"start":{"line":247,"column":43},"end":{"line":247,"column":59}}],"line":247},"51":{"loc":{"start":{"line":248,"column":16},"end":{"line":248,"column":101}},"type":"cond-expr","locations":[{"start":{"line":248,"column":77},"end":{"line":248,"column":79}},{"start":{"line":248,"column":82},"end":{"line":248,"column":101}}],"line":248},"52":{"loc":{"start":{"line":248,"column":22},"end":{"line":248,"column":65}},"type":"cond-expr","locations":[{"start":{"line":248,"column":40},"end":{"line":248,"column":46}},{"start":{"line":248,"column":49},"end":{"line":248,"column":65}}],"line":248},"53":{"loc":{"start":{"line":249,"column":11},"end":{"line":249,"column":49}},"type":"cond-expr","locations":[{"start":{"line":249,"column":29},"end":{"line":249,"column":35}},{"start":{"line":249,"column":38},"end":{"line":249,"column":49}}],"line":249},"54":{"loc":{"start":{"line":250,"column":11},"end":{"line":250,"column":49}},"type":"cond-expr","locations":[{"start":{"line":250,"column":29},"end":{"line":250,"column":35}},{"start":{"line":250,"column":38},"end":{"line":250,"column":49}}],"line":250},"55":{"loc":{"start":{"line":251,"column":17},"end":{"line":251,"column":61}},"type":"cond-expr","locations":[{"start":{"line":251,"column":35},"end":{"line":251,"column":41}},{"start":{"line":251,"column":44},"end":{"line":251,"column":61}}],"line":251},"56":{"loc":{"start":{"line":252,"column":17},"end":{"line":252,"column":61}},"type":"cond-expr","locations":[{"start":{"line":252,"column":35},"end":{"line":252,"column":41}},{"start":{"line":252,"column":44},"end":{"line":252,"column":61}}],"line":252},"57":{"loc":{"start":{"line":253,"column":15},"end":{"line":253,"column":93}},"type":"cond-expr","locations":[{"start":{"line":253,"column":62},"end":{"line":253,"column":84}},{"start":{"line":253,"column":87},"end":{"line":253,"column":93}}],"line":253},"58":{"loc":{"start":{"line":253,"column":16},"end":{"line":253,"column":58}},"type":"cond-expr","locations":[{"start":{"line":253,"column":34},"end":{"line":253,"column":40}},{"start":{"line":253,"column":43},"end":{"line":253,"column":58}}],"line":253},"59":{"loc":{"start":{"line":264,"column":4},"end":{"line":266,"column":5}},"type":"if","locations":[{"start":{"line":264,"column":4},"end":{"line":266,"column":5}},{"start":{},"end":{}}],"line":264},"60":{"loc":{"start":{"line":267,"column":35},"end":{"line":267,"column":100}},"type":"binary-expr","locations":[{"start":{"line":267,"column":35},"end":{"line":267,"column":67}},{"start":{"line":267,"column":71},"end":{"line":267,"column":100}}],"line":267},"61":{"loc":{"start":{"line":272,"column":4},"end":{"line":274,"column":5}},"type":"if","locations":[{"start":{"line":272,"column":4},"end":{"line":274,"column":5}},{"start":{},"end":{}}],"line":272},"62":{"loc":{"start":{"line":272,"column":8},"end":{"line":272,"column":56}},"type":"binary-expr","locations":[{"start":{"line":272,"column":8},"end":{"line":272,"column":16}},{"start":{"line":272,"column":20},"end":{"line":272,"column":56}}],"line":272},"63":{"loc":{"start":{"line":277,"column":4},"end":{"line":279,"column":5}},"type":"if","locations":[{"start":{"line":277,"column":4},"end":{"line":279,"column":5}},{"start":{},"end":{}}],"line":277},"64":{"loc":{"start":{"line":280,"column":4},"end":{"line":282,"column":5}},"type":"if","locations":[{"start":{"line":280,"column":4},"end":{"line":282,"column":5}},{"start":{},"end":{}}],"line":280},"65":{"loc":{"start":{"line":283,"column":4},"end":{"line":285,"column":5}},"type":"if","locations":[{"start":{"line":283,"column":4},"end":{"line":285,"column":5}},{"start":{},"end":{}}],"line":283},"66":{"loc":{"start":{"line":288,"column":28},"end":{"line":288,"column":40}},"type":"default-arg","locations":[{"start":{"line":288,"column":38},"end":{"line":288,"column":40}}],"line":288},"67":{"loc":{"start":{"line":291,"column":4},"end":{"line":300,"column":5}},"type":"if","locations":[{"start":{"line":291,"column":4},"end":{"line":300,"column":5}},{"start":{"line":293,"column":11},"end":{"line":300,"column":5}}],"line":291},"68":{"loc":{"start":{"line":295,"column":6},"end":{"line":299,"column":7}},"type":"if","locations":[{"start":{"line":295,"column":6},"end":{"line":299,"column":7}},{"start":{"line":297,"column":13},"end":{"line":299,"column":7}}],"line":295},"69":{"loc":{"start":{"line":301,"column":4},"end":{"line":305,"column":5}},"type":"if","locations":[{"start":{"line":301,"column":4},"end":{"line":305,"column":5}},{"start":{"line":303,"column":11},"end":{"line":305,"column":5}}],"line":301},"70":{"loc":{"start":{"line":304,"column":18},"end":{"line":304,"column":41}},"type":"binary-expr","locations":[{"start":{"line":304,"column":18},"end":{"line":304,"column":35}},{"start":{"line":304,"column":39},"end":{"line":304,"column":41}}],"line":304},"71":{"loc":{"start":{"line":306,"column":4},"end":{"line":310,"column":5}},"type":"if","locations":[{"start":{"line":306,"column":4},"end":{"line":310,"column":5}},{"start":{},"end":{}}],"line":306},"72":{"loc":{"start":{"line":311,"column":4},"end":{"line":314,"column":5}},"type":"if","locations":[{"start":{"line":311,"column":4},"end":{"line":314,"column":5}},{"start":{},"end":{}}],"line":311},"73":{"loc":{"start":{"line":311,"column":8},"end":{"line":311,"column":57}},"type":"cond-expr","locations":[{"start":{"line":311,"column":40},"end":{"line":311,"column":46}},{"start":{"line":311,"column":49},"end":{"line":311,"column":57}}],"line":311},"74":{"loc":{"start":{"line":321,"column":15},"end":{"line":321,"column":53}},"type":"cond-expr","locations":[{"start":{"line":321,"column":41},"end":{"line":321,"column":45}},{"start":{"line":321,"column":48},"end":{"line":321,"column":53}}],"line":321},"75":{"loc":{"start":{"line":322,"column":15},"end":{"line":322,"column":58}},"type":"cond-expr","locations":[{"start":{"line":322,"column":46},"end":{"line":322,"column":50}},{"start":{"line":322,"column":53},"end":{"line":322,"column":58}}],"line":322},"76":{"loc":{"start":{"line":323,"column":13},"end":{"line":323,"column":65}},"type":"cond-expr","locations":[{"start":{"line":323,"column":54},"end":{"line":323,"column":56}},{"start":{"line":323,"column":59},"end":{"line":323,"column":65}}],"line":323},"77":{"loc":{"start":{"line":325,"column":17},"end":{"line":325,"column":62}},"type":"cond-expr","locations":[{"start":{"line":325,"column":50},"end":{"line":325,"column":54}},{"start":{"line":325,"column":57},"end":{"line":325,"column":62}}],"line":325},"78":{"loc":{"start":{"line":329,"column":26},"end":{"line":329,"column":92}},"type":"cond-expr","locations":[{"start":{"line":329,"column":39},"end":{"line":329,"column":62}},{"start":{"line":329,"column":65},"end":{"line":329,"column":92}}],"line":329},"79":{"loc":{"start":{"line":334,"column":6},"end":{"line":344,"column":7}},"type":"if","locations":[{"start":{"line":334,"column":6},"end":{"line":344,"column":7}},{"start":{},"end":{}}],"line":334},"80":{"loc":{"start":{"line":336,"column":8},"end":{"line":340,"column":9}},"type":"if","locations":[{"start":{"line":336,"column":8},"end":{"line":340,"column":9}},{"start":{"line":338,"column":15},"end":{"line":340,"column":9}}],"line":336},"81":{"loc":{"start":{"line":341,"column":8},"end":{"line":343,"column":9}},"type":"if","locations":[{"start":{"line":341,"column":8},"end":{"line":343,"column":9}},{"start":{},"end":{}}],"line":341},"82":{"loc":{"start":{"line":351,"column":25},"end":{"line":351,"column":54}},"type":"cond-expr","locations":[{"start":{"line":351,"column":42},"end":{"line":351,"column":47}},{"start":{"line":351,"column":50},"end":{"line":351,"column":54}}],"line":351},"83":{"loc":{"start":{"line":357,"column":4},"end":{"line":359,"column":5}},"type":"if","locations":[{"start":{"line":357,"column":4},"end":{"line":359,"column":5}},{"start":{},"end":{}}],"line":357},"84":{"loc":{"start":{"line":360,"column":4},"end":{"line":365,"column":5}},"type":"if","locations":[{"start":{"line":360,"column":4},"end":{"line":365,"column":5}},{"start":{},"end":{}}],"line":360},"85":{"loc":{"start":{"line":362,"column":6},"end":{"line":364,"column":7}},"type":"if","locations":[{"start":{"line":362,"column":6},"end":{"line":364,"column":7}},{"start":{},"end":{}}],"line":362},"86":{"loc":{"start":{"line":366,"column":4},"end":{"line":378,"column":5}},"type":"if","locations":[{"start":{"line":366,"column":4},"end":{"line":378,"column":5}},{"start":{},"end":{}}],"line":366},"87":{"loc":{"start":{"line":370,"column":8},"end":{"line":373,"column":9}},"type":"if","locations":[{"start":{"line":370,"column":8},"end":{"line":373,"column":9}},{"start":{},"end":{}}],"line":370},"88":{"loc":{"start":{"line":375,"column":6},"end":{"line":377,"column":7}},"type":"if","locations":[{"start":{"line":375,"column":6},"end":{"line":377,"column":7}},{"start":{},"end":{}}],"line":375},"89":{"loc":{"start":{"line":379,"column":4},"end":{"line":392,"column":5}},"type":"if","locations":[{"start":{"line":379,"column":4},"end":{"line":392,"column":5}},{"start":{},"end":{}}],"line":379},"90":{"loc":{"start":{"line":384,"column":8},"end":{"line":387,"column":9}},"type":"if","locations":[{"start":{"line":384,"column":8},"end":{"line":387,"column":9}},{"start":{},"end":{}}],"line":384},"91":{"loc":{"start":{"line":389,"column":6},"end":{"line":391,"column":7}},"type":"if","locations":[{"start":{"line":389,"column":6},"end":{"line":391,"column":7}},{"start":{},"end":{}}],"line":389},"92":{"loc":{"start":{"line":396,"column":4},"end":{"line":399,"column":5}},"type":"if","locations":[{"start":{"line":396,"column":4},"end":{"line":399,"column":5}},{"start":{},"end":{}}],"line":396},"93":{"loc":{"start":{"line":396,"column":8},"end":{"line":396,"column":72}},"type":"binary-expr","locations":[{"start":{"line":396,"column":9},"end":{"line":396,"column":54}},{"start":{"line":396,"column":59},"end":{"line":396,"column":72}}],"line":396},"94":{"loc":{"start":{"line":396,"column":9},"end":{"line":396,"column":54}},"type":"cond-expr","locations":[{"start":{"line":396,"column":25},"end":{"line":396,"column":31}},{"start":{"line":396,"column":34},"end":{"line":396,"column":54}}],"line":396},"95":{"loc":{"start":{"line":405,"column":4},"end":{"line":418,"column":5}},"type":"if","locations":[{"start":{"line":405,"column":4},"end":{"line":418,"column":5}},{"start":{},"end":{}}],"line":405},"96":{"loc":{"start":{"line":406,"column":6},"end":{"line":417,"column":7}},"type":"if","locations":[{"start":{"line":406,"column":6},"end":{"line":417,"column":7}},{"start":{},"end":{}}],"line":406},"97":{"loc":{"start":{"line":410,"column":10},"end":{"line":414,"column":11}},"type":"if","locations":[{"start":{"line":410,"column":10},"end":{"line":414,"column":11}},{"start":{"line":412,"column":17},"end":{"line":414,"column":11}}],"line":410},"98":{"loc":{"start":{"line":419,"column":4},"end":{"line":434,"column":5}},"type":"if","locations":[{"start":{"line":419,"column":4},"end":{"line":434,"column":5}},{"start":{},"end":{}}],"line":419},"99":{"loc":{"start":{"line":453,"column":4},"end":{"line":455,"column":5}},"type":"if","locations":[{"start":{"line":453,"column":4},"end":{"line":455,"column":5}},{"start":{},"end":{}}],"line":453}},"s":{"0":1,"1":1,"2":1,"3":1,"4":1,"5":1,"6":4,"7":1,"8":1,"9":1,"10":4,"11":4,"12":1,"13":1,"14":1,"15":1,"16":1,"17":1,"18":0,"19":1,"20":0,"21":0,"22":1,"23":1,"24":2,"25":1,"26":0,"27":1,"28":2,"29":2,"30":0,"31":0,"32":0,"33":0,"34":0,"35":0,"36":1,"37":1,"38":1,"39":1,"40":1,"41":1,"42":1,"43":1,"44":1,"45":1,"46":1,"47":0,"48":0,"49":0,"50":0,"51":0,"52":0,"53":0,"54":0,"55":0,"56":0,"57":0,"58":1,"59":0,"60":0,"61":1,"62":0,"63":0,"64":0,"65":1,"66":0,"67":0,"68":0,"69":0,"70":1,"71":0,"72":0,"73":0,"74":1,"75":0,"76":0,"77":0,"78":0,"79":0,"80":0,"81":1,"82":0,"83":0,"84":1,"85":0,"86":0,"87":1,"88":0,"89":0,"90":0,"91":0,"92":0,"93":0,"94":0,"95":0,"96":0,"97":1,"98":0,"99":0,"100":0,"101":0,"102":0,"103":0,"104":0,"105":0,"106":0,"107":0,"108":1,"109":0,"110":1,"111":0,"112":0,"113":0,"114":0,"115":0,"116":0,"117":0,"118":0,"119":0,"120":0,"121":0,"122":0,"123":0,"124":0,"125":0,"126":0,"127":0,"128":0,"129":0,"130":0,"131":0,"132":0,"133":0,"134":0,"135":0,"136":0,"137":0,"138":0,"139":0,"140":0,"141":1,"142":0,"143":0,"144":0,"145":0,"146":0,"147":0,"148":1,"149":1,"150":0,"151":0,"152":0,"153":0,"154":0,"155":0,"156":0,"157":1,"158":0,"159":0,"160":0,"161":0,"162":0,"163":0,"164":0,"165":0,"166":0,"167":0,"168":0,"169":1,"170":0,"171":0,"172":0,"173":1,"174":0,"175":0,"176":0,"177":0,"178":0,"179":0,"180":0,"181":0,"182":1,"183":0,"184":0,"185":0,"186":0,"187":0,"188":0,"189":0,"190":0,"191":0,"192":0,"193":0,"194":0,"195":0,"196":0,"197":0,"198":0,"199":0,"200":0,"201":0,"202":1,"203":0,"204":1,"205":0,"206":0,"207":0,"208":0,"209":0,"210":0,"211":0,"212":0,"213":0,"214":0,"215":0,"216":0,"217":0,"218":0,"219":0,"220":0,"221":0,"222":0,"223":0,"224":0,"225":0,"226":1,"227":0,"228":0,"229":0,"230":0,"231":0,"232":0,"233":0,"234":0,"235":0,"236":0,"237":0,"238":0,"239":0,"240":0,"241":0,"242":0,"243":0,"244":0,"245":0,"246":0,"247":0,"248":0,"249":0,"250":0,"251":0,"252":1,"253":0,"254":0,"255":0,"256":0,"257":0,"258":0,"259":0,"260":0,"261":0,"262":0,"263":0,"264":0,"265":0,"266":0,"267":0,"268":0,"269":0,"270":0,"271":0,"272":0,"273":0,"274":0,"275":0,"276":0,"277":0,"278":0,"279":0,"280":0,"281":0,"282":0,"283":0,"284":0,"285":0,"286":0,"287":0,"288":0,"289":1},"f":{"0":1,"1":1,"2":1,"3":1,"4":0,"5":1,"6":0,"7":0,"8":2,"9":0,"10":2,"11":0,"12":0,"13":0,"14":0,"15":0,"16":1,"17":1,"18":0,"19":0,"20":0,"21":0,"22":0,"23":0,"24":0,"25":0,"26":0,"27":0,"28":0,"29":0,"30":1,"31":0,"32":0,"33":0,"34":0,"35":0,"36":0,"37":0,"38":0,"39":0,"40":0,"41":0},"b":{"0":[1,0],"1":[1,1,0],"2":[4,0],"3":[4,4],"4":[4,4],"5":[0,0],"6":[0],"7":[1,0],"8":[1,0],"9":[1,1],"10":[1,0],"11":[1,1,1],"12":[1,1],"13":[0,1],"14":[0,0],"15":[0,0],"16":[0,0],"17":[0,1],"18":[0,0],"19":[0,0],"20":[0,0],"21":[0,0],"22":[0,0],"23":[0,0],"24":[0,0],"25":[0,0],"26":[0,0],"27":[0,0],"28":[0,0],"29":[0,0],"30":[0,0],"31":[0,0],"32":[0,0],"33":[0,0],"34":[0,0],"35":[0,0],"36":[0,0],"37":[0,0],"38":[0,0],"39":[0,0],"40":[0,0],"41":[0,0],"42":[0,0],"43":[0,0],"44":[0,0],"45":[0,0],"46":[0,0],"47":[0,0],"48":[0,0],"49":[0,0],"50":[0,1],"51":[0,1],"52":[0,1],"53":[0,1],"54":[0,1],"55":[0,1],"56":[0,1],"57":[0,1],"58":[0,1],"59":[0,0],"60":[0,0],"61":[0,0],"62":[0,0],"63":[0,0],"64":[0,0],"65":[0,0],"66":[0],"67":[0,0],"68":[0,0],"69":[0,0],"70":[0,0],"71":[0,0],"72":[0,0],"73":[0,0],"74":[0,0],"75":[0,0],"76":[0,0],"77":[0,0],"78":[0,0],"79":[0,0],"80":[0,0],"81":[0,0],"82":[0,0],"83":[0,0],"84":[0,0],"85":[0,0],"86":[0,0],"87":[0,0],"88":[0,0],"89":[0,0],"90":[0,0],"91":[0,0],"92":[0,0],"93":[0,0],"94":[0,0],"95":[0,0],"96":[0,0],"97":[0,0],"98":[0,0],"99":[0,0]},"inputSourceMap":null,"_coverageSchema":"1a1c01bbd47fc00a2c39e90264f33305004495a9","hash":"d6767aae11d1d07e05389595143b2a0c01a76986"}
}
