TN:
SF:src/createFormControl.ts
FN:5,(anonymous_0)
FN:9,(anonymous_1)
FN:13,(anonymous_2)
FN:17,(anonymous_3)
FN:20,(anonymous_4)
FN:21,(anonymous_5)
FN:22,(anonymous_6)
FN:23,(anonymous_7)
FN:26,(anonymous_8)
FN:29,(anonymous_9)
FN:35,createSubject
FN:38,(anonymous_11)
FN:39,(anonymous_12)
FN:41,(anonymous_13)
FN:43,(anonymous_14)
FN:44,(anonymous_15)
FN:49,createFormControl
FN:78,(anonymous_17)
FN:103,(anonymous_18)
FN:109,(anonymous_19)
FN:116,(anonymous_20)
FN:122,(anonymous_21)
FN:131,(anonymous_22)
FN:138,(anonymous_23)
FN:142,(anonymous_24)
FN:144,(anonymous_25)
FN:154,(anonymous_26)
FN:169,(anonymous_27)
FN:172,(anonymous_28)
FN:217,(anonymous_29)
FN:227,(anonymous_30)
FN:233,(anonymous_31)
FN:256,(anonymous_32)
FN:270,(anonymous_33)
FN:276,(anonymous_34)
FN:284,(anonymous_35)
FN:288,(anonymous_36)
FN:318,(anonymous_37)
FN:328,(anonymous_38)
FN:356,(anonymous_39)
FN:394,(anonymous_40)
FN:394,(anonymous_41)
FNF:42
FNH:10
FNDA:1,(anonymous_0)
FNDA:1,(anonymous_1)
FNDA:1,(anonymous_2)
FNDA:1,(anonymous_3)
FNDA:0,(anonymous_4)
FNDA:1,(anonymous_5)
FNDA:0,(anonymous_6)
FNDA:0,(anonymous_7)
FNDA:2,(anonymous_8)
FNDA:0,(anonymous_9)
FNDA:2,createSubject
FNDA:0,(anonymous_11)
FNDA:0,(anonymous_12)
FNDA:0,(anonymous_13)
FNDA:0,(anonymous_14)
FNDA:0,(anonymous_15)
FNDA:1,createFormControl
FNDA:1,(anonymous_17)
FNDA:0,(anonymous_18)
FNDA:0,(anonymous_19)
FNDA:0,(anonymous_20)
FNDA:0,(anonymous_21)
FNDA:0,(anonymous_22)
FNDA:0,(anonymous_23)
FNDA:0,(anonymous_24)
FNDA:0,(anonymous_25)
FNDA:0,(anonymous_26)
FNDA:0,(anonymous_27)
FNDA:0,(anonymous_28)
FNDA:0,(anonymous_29)
FNDA:1,(anonymous_30)
FNDA:0,(anonymous_31)
FNDA:0,(anonymous_32)
FNDA:0,(anonymous_33)
FNDA:0,(anonymous_34)
FNDA:0,(anonymous_35)
FNDA:0,(anonymous_36)
FNDA:0,(anonymous_37)
FNDA:0,(anonymous_38)
FNDA:0,(anonymous_39)
FNDA:0,(anonymous_40)
FNDA:0,(anonymous_41)
DA:1,1
DA:2,1
DA:3,1
DA:4,1
DA:5,1
DA:6,1
DA:7,4
DA:9,1
DA:10,1
DA:11,1
DA:12,4
DA:13,4
DA:15,1
DA:17,1
DA:18,1
DA:19,1
DA:20,0
DA:21,1
DA:22,0
DA:23,0
DA:25,1
DA:26,1
DA:27,2
DA:29,1
DA:30,1
DA:36,2
DA:37,2
DA:39,0
DA:42,0
DA:43,0
DA:44,0
DA:50,1
DA:51,1
DA:52,1
DA:53,1
DA:54,1
DA:72,1
DA:75,1
DA:76,1
DA:77,1
DA:78,1
DA:79,1
DA:80,0
DA:81,0
DA:82,0
DA:83,0
DA:84,0
DA:86,0
DA:89,0
DA:90,0
DA:91,0
DA:92,0
DA:93,0
DA:97,1
DA:98,0
DA:99,0
DA:103,1
DA:104,0
DA:105,0
DA:106,0
DA:109,1
DA:110,0
DA:111,0
DA:113,0
DA:114,0
DA:116,1
DA:117,0
DA:118,0
DA:119,0
DA:122,1
DA:123,0
DA:124,0
DA:126,0
DA:127,0
DA:128,0
DA:129,0
DA:131,1
DA:132,0
DA:133,0
DA:138,1
DA:139,0
DA:140,0
DA:142,1
DA:143,0
DA:144,0
DA:145,0
DA:146,0
DA:147,0
DA:149,0
DA:151,0
DA:152,0
DA:154,1
DA:155,0
DA:156,0
DA:157,0
DA:158,0
DA:159,0
DA:160,0
DA:161,0
DA:162,0
DA:163,0
DA:165,0
DA:169,1
DA:170,0
DA:172,1
DA:174,0
DA:175,0
DA:176,0
DA:177,0
DA:178,0
DA:181,0
DA:182,0
DA:184,0
DA:185,0
DA:186,0
DA:187,0
DA:188,0
DA:189,0
DA:190,0
DA:192,0
DA:195,0
DA:196,0
DA:197,0
DA:198,0
DA:200,0
DA:202,0
DA:203,0
DA:204,0
DA:205,0
DA:207,0
DA:208,0
DA:211,0
DA:212,0
DA:213,0
DA:215,0
DA:217,1
DA:219,0
DA:220,0
DA:221,0
DA:222,0
DA:223,0
DA:225,0
DA:227,1
DA:229,1
DA:235,0
DA:236,0
DA:237,0
DA:238,0
DA:240,0
DA:241,0
DA:242,0
DA:256,1
DA:257,0
DA:258,0
DA:259,0
DA:260,0
DA:261,0
DA:262,0
DA:263,0
DA:264,0
DA:265,0
DA:267,0
DA:268,0
DA:270,1
DA:271,0
DA:272,0
DA:273,0
DA:276,1
DA:277,0
DA:278,0
DA:280,0
DA:281,0
DA:283,0
DA:284,0
DA:286,0
DA:288,1
DA:290,0
DA:291,0
DA:292,0
DA:294,0
DA:295,0
DA:296,0
DA:298,0
DA:301,0
DA:302,0
DA:304,0
DA:306,0
DA:307,0
DA:308,0
DA:309,0
DA:311,0
DA:312,0
DA:313,0
DA:315,0
DA:316,0
DA:318,1
DA:320,0
DA:328,1
DA:329,0
DA:330,0
DA:331,0
DA:332,0
DA:333,0
DA:334,0
DA:335,0
DA:336,0
DA:337,0
DA:339,0
DA:341,0
DA:342,0
DA:346,0
DA:347,0
DA:348,0
DA:349,0
DA:350,0
DA:351,0
DA:352,0
DA:353,0
DA:354,0
DA:356,1
DA:357,0
DA:358,0
DA:360,0
DA:361,0
DA:362,0
DA:363,0
DA:366,0
DA:367,0
DA:368,0
DA:369,0
DA:370,0
DA:371,0
DA:372,0
DA:375,0
DA:376,0
DA:379,0
DA:380,0
DA:381,0
DA:382,0
DA:383,0
DA:384,0
DA:385,0
DA:386,0
DA:389,0
DA:390,0
DA:394,1
DA:395,0
DA:396,0
DA:397,0
DA:398,0
DA:400,0
DA:401,0
DA:404,0
DA:405,0
DA:406,0
DA:407,0
DA:408,0
DA:409,0
DA:410,0
DA:411,0
DA:413,0
DA:416,0
DA:419,0
DA:420,0
DA:421,0
DA:422,0
DA:423,0
DA:424,0
DA:425,0
DA:433,0
DA:435,0
DA:436,0
DA:437,0
DA:438,0
DA:439,0
DA:440,0
DA:448,0
DA:449,0
DA:451,0
DA:453,0
DA:454,0
DA:457,1
LF:282
LH:58
BRDA:10,0,0,1
BRDA:10,0,1,0
BRDA:10,1,0,1
BRDA:10,1,1,1
BRDA:10,1,2,0
BRDA:12,2,0,4
BRDA:12,2,1,0
BRDA:12,3,0,4
BRDA:12,3,1,4
BRDA:13,4,0,4
BRDA:13,4,1,4
BRDA:29,5,0,0
BRDA:29,5,1,0
BRDA:49,6,0,0
BRDA:52,7,0,1
BRDA:52,7,1,0
BRDA:52,8,0,1
BRDA:52,8,1,0
BRDA:56,9,0,1
BRDA:56,9,1,1
BRDA:63,10,0,1
BRDA:63,10,1,0
BRDA:63,11,0,1
BRDA:63,11,1,1
BRDA:63,11,2,1
BRDA:70,12,0,1
BRDA:70,12,1,1
BRDA:79,13,0,0
BRDA:79,13,1,1
BRDA:83,14,0,0
BRDA:83,14,1,0
BRDA:90,15,0,0
BRDA:90,15,1,0
BRDA:92,16,0,0
BRDA:92,16,1,0
BRDA:97,17,0,0
BRDA:97,17,1,1
BRDA:104,18,0,0
BRDA:104,18,1,0
BRDA:110,19,0,0
BRDA:110,19,1,0
BRDA:110,20,0,0
BRDA:110,20,1,0
BRDA:117,21,0,0
BRDA:117,21,1,0
BRDA:118,22,0,0
BRDA:118,22,1,0
BRDA:123,23,0,0
BRDA:123,23,1,0
BRDA:143,24,0,0
BRDA:143,24,1,0
BRDA:157,25,0,0
BRDA:157,25,1,0
BRDA:158,26,0,0
BRDA:158,26,1,0
BRDA:158,27,0,0
BRDA:158,27,1,0
BRDA:160,28,0,0
BRDA:160,28,1,0
BRDA:161,29,0,0
BRDA:161,29,1,0
BRDA:162,30,0,0
BRDA:162,30,1,0
BRDA:174,31,0,0
BRDA:174,31,1,0
BRDA:176,32,0,0
BRDA:176,32,1,0
BRDA:181,33,0,0
BRDA:181,33,1,0
BRDA:187,34,0,0
BRDA:187,34,1,0
BRDA:189,35,0,0
BRDA:189,35,1,0
BRDA:196,36,0,0
BRDA:196,36,1,0
BRDA:196,37,0,0
BRDA:196,37,1,0
BRDA:196,38,0,0
BRDA:196,38,1,0
BRDA:197,39,0,0
BRDA:197,39,1,0
BRDA:202,40,0,0
BRDA:202,40,1,0
BRDA:203,41,0,0
BRDA:203,41,1,0
BRDA:207,42,0,0
BRDA:207,42,1,0
BRDA:211,43,0,0
BRDA:211,43,1,0
BRDA:211,44,0,0
BRDA:211,44,1,0
BRDA:220,45,0,0
BRDA:220,45,1,0
BRDA:220,46,0,0
BRDA:220,46,1,0
BRDA:235,47,0,0
BRDA:235,47,1,0
BRDA:237,48,0,0
BRDA:237,48,1,0
BRDA:240,49,0,0
BRDA:240,49,1,0
BRDA:247,50,0,0
BRDA:247,50,1,1
BRDA:248,51,0,0
BRDA:248,51,1,1
BRDA:248,52,0,0
BRDA:248,52,1,1
BRDA:249,53,0,0
BRDA:249,53,1,1
BRDA:250,54,0,0
BRDA:250,54,1,1
BRDA:251,55,0,0
BRDA:251,55,1,1
BRDA:252,56,0,0
BRDA:252,56,1,1
BRDA:253,57,0,0
BRDA:253,57,1,1
BRDA:253,58,0,0
BRDA:253,58,1,1
BRDA:264,59,0,0
BRDA:264,59,1,0
BRDA:267,60,0,0
BRDA:267,60,1,0
BRDA:272,61,0,0
BRDA:272,61,1,0
BRDA:272,62,0,0
BRDA:272,62,1,0
BRDA:277,63,0,0
BRDA:277,63,1,0
BRDA:280,64,0,0
BRDA:280,64,1,0
BRDA:283,65,0,0
BRDA:283,65,1,0
BRDA:288,66,0,0
BRDA:291,67,0,0
BRDA:291,67,1,0
BRDA:295,68,0,0
BRDA:295,68,1,0
BRDA:301,69,0,0
BRDA:301,69,1,0
BRDA:304,70,0,0
BRDA:304,70,1,0
BRDA:306,71,0,0
BRDA:306,71,1,0
BRDA:311,72,0,0
BRDA:311,72,1,0
BRDA:311,73,0,0
BRDA:311,73,1,0
BRDA:321,74,0,0
BRDA:321,74,1,0
BRDA:322,75,0,0
BRDA:322,75,1,0
BRDA:323,76,0,0
BRDA:323,76,1,0
BRDA:325,77,0,0
BRDA:325,77,1,0
BRDA:329,78,0,0
BRDA:329,78,1,0
BRDA:334,79,0,0
BRDA:334,79,1,0
BRDA:336,80,0,0
BRDA:336,80,1,0
BRDA:341,81,0,0
BRDA:341,81,1,0
BRDA:351,82,0,0
BRDA:351,82,1,0
BRDA:357,83,0,0
BRDA:357,83,1,0
BRDA:360,84,0,0
BRDA:360,84,1,0
BRDA:362,85,0,0
BRDA:362,85,1,0
BRDA:366,86,0,0
BRDA:366,86,1,0
BRDA:370,87,0,0
BRDA:370,87,1,0
BRDA:375,88,0,0
BRDA:375,88,1,0
BRDA:379,89,0,0
BRDA:379,89,1,0
BRDA:384,90,0,0
BRDA:384,90,1,0
BRDA:389,91,0,0
BRDA:389,91,1,0
BRDA:396,92,0,0
BRDA:396,92,1,0
BRDA:396,93,0,0
BRDA:396,93,1,0
BRDA:396,94,0,0
BRDA:396,94,1,0
BRDA:405,95,0,0
BRDA:405,95,1,0
BRDA:406,96,0,0
BRDA:406,96,1,0
BRDA:410,97,0,0
BRDA:410,97,1,0
BRDA:419,98,0,0
BRDA:419,98,1,0
BRDA:453,99,0,0
BRDA:453,99,1,0
BRF:200
BRH:29
end_of_record
